2026-06-29 17:01:00 | INFO     | Chrome launched (headless=True)
2026-06-29 17:01:00 | INFO     | Phase 1: mapping Equipment mega-menu from https://www.jlg.com/en
2026-06-29 17:01:10 | INFO     | Parsed 17 menu entries from __NEXT_DATA__
2026-06-29 17:01:15 | INFO     | Parsed 17 menu entries from __NEXT_DATA__
2026-06-29 17:01:20 | INFO     | Parsed 17 menu entries from __NEXT_DATA__
2026-06-29 17:01:24 | INFO     | Parsed 17 menu entries from __NEXT_DATA__
2026-06-29 17:01:29 | INFO     | Parsed 17 menu entries from __NEXT_DATA__
2026-06-29 17:01:34 | INFO     | Parsed 17 menu entries from __NEXT_DATA__
2026-06-29 17:01:38 | INFO     | Parsed 17 menu entries from __NEXT_DATA__
2026-06-29 17:01:38 | INFO     |   Menu: Boom Lifts → Articulating → - (https://www.jlg.com/en/equipment/boom-lifts/articulating)
2026-06-29 17:01:38 | INFO     |   Menu: Boom Lifts → Telescopic → - (https://www.jlg.com/en/equipment/boom-lifts/telescopic)
2026-06-29 17:01:38 | INFO     |   Menu: Boom Lifts → Compact Crawlers → - (https://www.jlg.com/en/equipment/boom-lifts/compact-crawlers)
2026-06-29 17:01:38 | INFO     |   Menu: Boom Lifts → Toucan Mast Lift → - (https://www.jlg.com/en/equipment/boom-lifts/toucan-mast-lifts)
2026-06-29 17:01:38 | INFO     |   Menu: Boom Lifts → Towable → - (https://www.jlg.com/en/equipment/boom-lifts/towable)
2026-06-29 17:01:38 | INFO     |   Menu: Scissor Lifts → Davinci All Electric Series → - (https://www.jlg.com/en/equipment/scissor-lifts/ae-davinci-series)
2026-06-29 17:01:38 | INFO     |   Menu: Scissor Lifts → ERT Series → - (https://www.jlg.com/en/equipment/scissor-lifts/ert-series)
2026-06-29 17:01:38 | INFO     |   Menu: Scissor Lifts → Micro-Sized Series → - (https://www.jlg.com/en/equipment/scissor-lifts/micro-sized-series)
2026-06-29 17:01:38 | INFO     |   Menu: Scissor Lifts → ES Series → - (https://www.jlg.com/en/equipment/scissor-lifts/es-series)
2026-06-29 17:01:38 | INFO     |   Menu: Scissor Lifts → RT Series → - (https://www.jlg.com/en/equipment/scissor-lifts/rt-series)
2026-06-29 17:01:38 | INFO     |   Menu: Telehandlers → JLG Rotating Telehandlers → - (https://www.jlg.com/en/equipment/telehandlers/rotating)
2026-06-29 17:01:38 | INFO     |   Menu: Telehandlers → JLG Telehandlers → - (https://www.jlg.com/en/equipment/telehandlers/jlg)
2026-06-29 17:01:38 | INFO     |   Menu: Telehandlers → SkyTrak Telehandlers → - (https://www.jlg.com/en/equipment/telehandlers/skytrak)
2026-06-29 17:01:38 | INFO     |   Menu: Low Level Access → Non-Powered EcoLifts → - (https://www.jlg.com/en/equipment/low-level-access/non-powered-ecolifts)
2026-06-29 17:01:38 | INFO     |   Menu: Low Level Access → Push-Around Lifts → - (https://www.jlg.com/en/equipment/low-level-access/push-around-lifts)
2026-06-29 17:01:38 | INFO     |   Menu: Vertical Lifts → - → - (https://www.jlg.com/en/equipment/vertical-lifts)
2026-06-29 17:01:38 | INFO     |   Menu: Stock Pickers → - → - (https://www.jlg.com/en/equipment/stock-pickers)
2026-06-29 17:01:38 | INFO     | Phase 1 complete: discovered 17 listing URLs
2026-06-29 17:01:48 | INFO     | Currently scraping:
Boom Lifts
Articulating
Electric & Hybrid
E300 Series
2026-06-29 17:01:51 | INFO     | Found 1 models...
2026-06-29 17:01:51 | INFO     | Currently scraping model: E300AJP
2026-06-29 17:01:51 | INFO     | Currently scraping:
Boom Lifts
Articulating
Electric & Hybrid
E400 Series
2026-06-29 17:01:54 | INFO     | Found 2 models...
2026-06-29 17:01:54 | INFO     | Currently scraping model: E400AJPN
2026-06-29 17:01:54 | INFO     | Currently scraping model: E400AN
2026-06-29 17:01:54 | INFO     | Currently scraping:
Boom Lifts
Articulating
Electric & Hybrid
E450 Series
2026-06-29 17:01:57 | INFO     | Found 1 models...
2026-06-29 17:01:57 | INFO     | Currently scraping model: E450AJ
2026-06-29 17:01:57 | INFO     | Currently scraping:
Boom Lifts
Articulating
Engine Powered
450 Series
2026-06-29 17:02:00 | INFO     | Found 2 models...
2026-06-29 17:02:00 | INFO     | Currently scraping model: 450AJ
2026-06-29 17:02:00 | INFO     | Currently scraping model: 450AJ HC3
2026-06-29 17:02:00 | INFO     | Currently scraping:
Boom Lifts
Articulating
Engine Powered
600 Series
2026-06-29 17:02:03 | INFO     | Found 2 models...
2026-06-29 17:02:03 | INFO     | Currently scraping model: 600AJ
2026-06-29 17:02:03 | INFO     | Currently scraping model: 600AJ HC3
2026-06-29 17:02:03 | INFO     | Currently scraping:
Boom Lifts
Articulating
Engine Powered
800 Series
2026-06-29 17:02:07 | INFO     | Found 2 models...
2026-06-29 17:02:07 | INFO     | Currently scraping model: 800AJ
2026-06-29 17:02:07 | INFO     | Currently scraping model: 800AJ HC3
2026-06-29 17:02:07 | INFO     | Currently scraping:
Boom Lifts
Articulating
Engine Powered
Ultra Series
2026-06-29 17:02:10 | INFO     | Found 2 models...
2026-06-29 17:02:10 | INFO     | Currently scraping model: 1250AJP
2026-06-29 17:02:10 | INFO     | Currently scraping model: 1500AJP
2026-06-29 17:02:23 | INFO     | Currently scraping:
Boom Lifts
Telescopic
Electric & Hybrid
EC600 and H600 Series
2026-06-29 17:02:26 | INFO     | Found 4 models...
2026-06-29 17:02:26 | INFO     | Currently scraping model: EC600SJ
2026-06-29 17:02:26 | INFO     | Currently scraping model: EC600SJP
2026-06-29 17:02:26 | INFO     | Currently scraping model: H600SJ
2026-06-29 17:02:26 | INFO     | Currently scraping model: H600SJP
2026-06-29 17:02:26 | INFO     | Currently scraping:
Boom Lifts
Telescopic
Engine Powered
400 Crawler Series
2026-06-29 17:02:29 | INFO     | Found 1 models...
2026-06-29 17:02:29 | INFO     | Currently scraping model: 460SJC
2026-06-29 17:02:29 | INFO     | Currently scraping:
Boom Lifts
Telescopic
Engine Powered
400 Series
2026-06-29 17:02:33 | INFO     | Found 4 models...
2026-06-29 17:02:33 | INFO     | Currently scraping model: 400S
2026-06-29 17:02:33 | INFO     | Currently scraping model: 400S HC3
2026-06-29 17:02:33 | INFO     | Currently scraping model: 460SJ
2026-06-29 17:02:33 | INFO     | Currently scraping model: 460SJ HC3
2026-06-29 17:02:33 | INFO     | Currently scraping:
Boom Lifts
Telescopic
Engine Powered
600 Crawler Series
2026-06-29 17:02:36 | INFO     | Found 1 models...
2026-06-29 17:02:36 | INFO     | Currently scraping model: 660SJC
2026-06-29 17:02:36 | INFO     | Currently scraping:
Boom Lifts
Telescopic
Engine Powered
600 Series
2026-06-29 17:02:39 | INFO     | Found 4 models...
2026-06-29 17:02:39 | INFO     | Currently scraping model: 600S
2026-06-29 17:02:39 | INFO     | Currently scraping model: 600S HC3
2026-06-29 17:02:39 | INFO     | Currently scraping model: 660SJ
2026-06-29 17:02:39 | INFO     | Currently scraping model: 660SJ HC3
2026-06-29 17:02:39 | INFO     | Currently scraping:
Boom Lifts
Telescopic
Engine Powered
600 Self-Leveling Series
2026-06-29 17:02:42 | INFO     | Found 1 models...
2026-06-29 17:02:42 | INFO     | Currently scraping model: 670SJ
2026-06-29 17:02:42 | INFO     | Currently scraping:
Boom Lifts
Telescopic
Engine Powered
800 Series
2026-06-29 17:02:45 | INFO     | Found 4 models...
2026-06-29 17:02:45 | INFO     | Currently scraping model: 800S
2026-06-29 17:02:45 | INFO     | Currently scraping model: 800S HC3
2026-06-29 17:02:45 | INFO     | Currently scraping model: 860SJ
2026-06-29 17:02:45 | INFO     | Currently scraping model: 860SJ HC3
2026-06-29 17:02:45 | INFO     | Currently scraping:
Boom Lifts
Telescopic
Engine Powered
Ultra Series
2026-06-29 17:02:49 | INFO     | Found 4 models...
2026-06-29 17:02:49 | INFO     | Currently scraping model: 1200SJP
2026-06-29 17:02:49 | INFO     | Currently scraping model: 1350SJP
2026-06-29 17:02:49 | INFO     | Currently scraping model: 1500SJ
2026-06-29 17:02:49 | INFO     | Currently scraping model: 1850SJ
2026-06-29 17:02:49 | INFO     | Saved 25 models...
2026-06-29 17:03:00 | INFO     | Currently scraping:
Boom Lifts
Compact Crawlers

2026-06-29 17:03:00 | INFO     | Found 6 models...
2026-06-29 17:03:00 | INFO     | Currently scraping model: X430AJ
2026-06-29 17:03:00 | INFO     | Currently scraping model: X500AJ
2026-06-29 17:03:00 | INFO     | Currently scraping model: X540AJ
2026-06-29 17:03:00 | INFO     | Currently scraping model: X600AJ
2026-06-29 17:03:00 | INFO     | Currently scraping model: X770AJ
2026-06-29 17:03:00 | INFO     | Currently scraping model: X1000AJ
2026-06-29 17:03:03 | INFO     | Found 6 models...
2026-06-29 17:03:06 | INFO     | Found 6 models...
2026-06-29 17:03:09 | INFO     | Found 6 models...
2026-06-29 17:03:12 | INFO     | Found 6 models...
2026-06-29 17:03:14 | INFO     | Found 6 models...
2026-06-29 17:03:17 | INFO     | Found 6 models...
2026-06-29 17:03:20 | INFO     | Found 6 models...
2026-06-29 17:03:23 | INFO     | Found 1 models...
2026-06-29 17:03:23 | INFO     | Currently scraping model: X660SJ
2026-06-29 17:03:33 | INFO     | Currently scraping:
Boom Lifts
Toucan Mast Lift

2026-06-29 17:03:33 | INFO     | Found 1 models...
2026-06-29 17:03:33 | INFO     | Currently scraping model: 20E
2026-06-29 17:03:36 | INFO     | Found 1 models...
2026-06-29 17:03:39 | INFO     | Found 1 models...
2026-06-29 17:03:39 | INFO     | Currently scraping model: 26E
2026-06-29 17:03:41 | INFO     | Found 1 models...
2026-06-29 17:03:41 | INFO     | Currently scraping model: 32E
2026-06-29 17:03:53 | INFO     | Currently scraping:
Boom Lifts
Towable

2026-06-29 17:03:53 | INFO     | Found 4 models...
2026-06-29 17:03:53 | INFO     | Currently scraping model: T350
2026-06-29 17:03:53 | INFO     | Currently scraping model: ET350
2026-06-29 17:03:53 | INFO     | Currently scraping model: T500J
2026-06-29 17:03:53 | INFO     | Currently scraping model: ET500J
2026-06-29 17:03:56 | INFO     | Found 4 models...
2026-06-29 17:03:59 | INFO     | Found 4 models...
2026-06-29 17:04:01 | INFO     | Found 4 models...
2026-06-29 17:04:04 | INFO     | Found 4 models...
2026-06-29 17:04:07 | INFO     | Found 4 models...
2026-06-29 17:04:20 | INFO     | Currently scraping:
Scissor Lifts
Davinci All Electric Series

2026-06-29 17:04:20 | INFO     | Found 1 models...
2026-06-29 17:04:20 | INFO     | Currently scraping model: AE1932
2026-06-29 17:04:23 | INFO     | Found 1 models...
2026-06-29 17:04:23 | INFO     | Saved 50 models...
2026-06-29 17:04:33 | INFO     | Currently scraping:
Scissor Lifts
ERT Series

2026-06-29 17:04:33 | INFO     | Found 1 models...
2026-06-29 17:04:33 | INFO     | Currently scraping model: ERT2669
2026-06-29 17:04:36 | INFO     | Found 1 models...
2026-06-29 17:04:39 | INFO     | Found 1 models...
2026-06-29 17:04:39 | INFO     | Currently scraping model: ERT3369
2026-06-29 17:04:41 | INFO     | Found 1 models...
2026-06-29 17:04:41 | INFO     | Currently scraping model: ERT4069
2026-06-29 17:04:44 | INFO     | Found 1 models...
2026-06-29 17:04:44 | INFO     | Currently scraping model: ERT4769
2026-06-29 17:04:57 | INFO     | Currently scraping:
Scissor Lifts
Micro-Sized Series

2026-06-29 17:04:57 | INFO     | Found 1 models...
2026-06-29 17:04:57 | INFO     | Currently scraping model: ES1330M
2026-06-29 17:04:59 | INFO     | Found 1 models...
2026-06-29 17:05:02 | INFO     | Found 1 models...
2026-06-29 17:05:02 | INFO     | Currently scraping model: ES1530M
2026-06-29 17:05:05 | INFO     | Found 1 models...
2026-06-29 17:05:05 | INFO     | Currently scraping model: ES1930M
2026-06-29 17:05:07 | INFO     | Found 1 models...
2026-06-29 17:05:07 | INFO     | Currently scraping model: ES2632M
2026-06-29 17:05:18 | INFO     | Currently scraping:
Scissor Lifts
ES Series

2026-06-29 17:05:18 | INFO     | Found 1 models...
2026-06-29 17:05:18 | INFO     | Currently scraping model: ES1932
2026-06-29 17:05:20 | INFO     | Found 1 models...
2026-06-29 17:05:23 | INFO     | Found 1 models...
2026-06-29 17:05:23 | INFO     | Currently scraping model: ES2632
2026-06-29 17:05:26 | INFO     | Found 1 models...
2026-06-29 17:05:26 | INFO     | Currently scraping model: ES2646
2026-06-29 17:05:28 | INFO     | Found 1 models...
2026-06-29 17:05:28 | INFO     | Currently scraping model: ES3246
2026-06-29 17:05:31 | INFO     | Found 1 models...
2026-06-29 17:05:31 | INFO     | Currently scraping model: ES4046
2026-06-29 17:05:42 | INFO     | Currently scraping:
Scissor Lifts
RT Series

2026-06-29 17:05:42 | INFO     | Found 1 models...
2026-06-29 17:05:42 | INFO     | Currently scraping model: RT2669
2026-06-29 17:05:44 | INFO     | Found 1 models...
2026-06-29 17:05:47 | INFO     | Found 1 models...
2026-06-29 17:05:47 | INFO     | Currently scraping model: RT3369
2026-06-29 17:05:50 | INFO     | Found 1 models...
2026-06-29 17:05:50 | INFO     | Currently scraping model: RT3394
2026-06-29 17:05:53 | INFO     | Found 1 models...
2026-06-29 17:05:53 | INFO     | Currently scraping model: RT4069
2026-06-29 17:05:55 | INFO     | Found 1 models...
2026-06-29 17:05:55 | INFO     | Currently scraping model: RT4394
2026-06-29 17:05:58 | INFO     | Found 1 models...
2026-06-29 17:05:58 | INFO     | Currently scraping model: RT4769
2026-06-29 17:06:00 | INFO     | Found 1 models...
2026-06-29 17:06:00 | INFO     | Currently scraping model: RT5394
2026-06-29 17:06:14 | INFO     | Currently scraping:
Telehandlers
JLG Rotating Telehandlers

2026-06-29 17:06:14 | INFO     | Found 1 models...
2026-06-29 17:06:14 | INFO     | Currently scraping model: R1370
2026-06-29 17:06:16 | INFO     | Found 1 models...
2026-06-29 17:06:19 | INFO     | Found 1 models...
2026-06-29 17:06:19 | INFO     | Currently scraping model: R1385
2026-06-29 17:06:22 | INFO     | Found 1 models...
2026-06-29 17:06:22 | INFO     | Currently scraping model: R13100
2026-06-29 17:06:35 | INFO     | Currently scraping:
Telehandlers
JLG Telehandlers

2026-06-29 17:06:35 | INFO     | Found 1 models...
2026-06-29 17:06:35 | INFO     | Currently scraping model: 313
2026-06-29 17:06:38 | INFO     | Found 1 models...
2026-06-29 17:06:41 | INFO     | Found 1 models...
2026-06-29 17:06:41 | INFO     | Currently scraping model: E313
2026-06-29 17:06:43 | INFO     | Found 1 models...
2026-06-29 17:06:43 | INFO     | Currently scraping model: 519
2026-06-29 17:06:46 | INFO     | Found 1 models...
2026-06-29 17:06:46 | INFO     | Currently scraping model: 742
2026-06-29 17:06:49 | INFO     | Found 1 models...
2026-06-29 17:06:49 | INFO     | Currently scraping model: 943
2026-06-29 17:06:51 | INFO     | Found 1 models...
2026-06-29 17:06:51 | INFO     | Currently scraping model: 1043
2026-06-29 17:06:54 | INFO     | Found 1 models...
2026-06-29 17:06:54 | INFO     | Currently scraping model: 1055
2026-06-29 17:06:56 | INFO     | Found 1 models...
2026-06-29 17:06:56 | INFO     | Currently scraping model: 1075
2026-06-29 17:06:59 | INFO     | Found 1 models...
2026-06-29 17:06:59 | INFO     | Currently scraping model: 1255
2026-06-29 17:07:02 | INFO     | Found 1 models...
2026-06-29 17:07:02 | INFO     | Currently scraping model: 1644
2026-06-29 17:07:04 | INFO     | Found 1 models...
2026-06-29 17:07:04 | INFO     | Currently scraping model: 1732
2026-06-29 17:07:07 | INFO     | Found 1 models...
2026-06-29 17:07:07 | INFO     | Currently scraping model: 2733
2026-06-29 17:07:07 | INFO     | Saved 75 models...
2026-06-29 17:07:19 | INFO     | Currently scraping:
Telehandlers
SkyTrak Telehandlers

2026-06-29 17:07:19 | INFO     | Found 1 models...
2026-06-29 17:07:19 | INFO     | Currently scraping model: 3013
2026-06-29 17:07:21 | INFO     | Found 1 models...
2026-06-29 17:07:24 | INFO     | Found 1 models...
2026-06-29 17:07:24 | INFO     | Currently scraping model: 6034
2026-06-29 17:07:27 | INFO     | Found 1 models...
2026-06-29 17:07:27 | INFO     | Currently scraping model: 6042
2026-06-29 17:07:29 | INFO     | Found 1 models...
2026-06-29 17:07:29 | INFO     | Currently scraping model: 8042
2026-06-29 17:07:32 | INFO     | Found 1 models...
2026-06-29 17:07:32 | INFO     | Currently scraping model: 10042
2026-06-29 17:07:35 | INFO     | Found 1 models...
2026-06-29 17:07:35 | INFO     | Currently scraping model: 10054
2026-06-29 17:07:37 | INFO     | Found 1 models...
2026-06-29 17:07:37 | INFO     | Currently scraping model: 12054
2026-06-29 17:07:54 | INFO     | Currently scraping:
Low Level Access
Non-Powered EcoLifts

2026-06-29 17:07:54 | INFO     | Found 1 models...
2026-06-29 17:07:54 | INFO     | Currently scraping model: EcoLift 50
2026-06-29 17:07:57 | INFO     | Found 1 models...
2026-06-29 17:08:00 | INFO     | Found 1 models...
2026-06-29 17:08:00 | INFO     | Currently scraping model: EcoLift 70
2026-06-29 17:08:16 | INFO     | Currently scraping:
Low Level Access
Push-Around Lifts

2026-06-29 17:08:16 | INFO     | Found 1 models...
2026-06-29 17:08:16 | INFO     | Currently scraping model: 830P
2026-06-29 17:08:19 | INFO     | Found 1 models...
2026-06-29 17:08:22 | INFO     | Found 1 models...
2026-06-29 17:08:22 | INFO     | Currently scraping model: 1030P
2026-06-29 17:08:24 | INFO     | Found 1 models...
2026-06-29 17:08:24 | INFO     | Currently scraping model: 1230P
2026-06-29 17:08:56 | INFO     | Currently scraping:
Vertical Lifts


2026-06-29 17:08:57 | INFO     | Found 0 models...
2026-06-29 17:09:28 | INFO     | Currently scraping:
Stock Pickers


2026-06-29 17:09:28 | INFO     | Found 0 models...
2026-06-29 17:09:31 | INFO     | Saved 97 models...
2026-06-29 17:09:32 | INFO     | Chrome session closed
2026-06-29 17:09:32 | INFO     | Excel saved: /Users/keshavgupta/Downloads/jlg_scraper/output/jlg_equipment.xlsx (97 rows)
============================================================
  JLG Equipment Hierarchy Scraper
============================================================
  headless  : True
  max_pages : unlimited
  resume    : False
============================================================

============================================================
SCRAPE COMPLETE
============================================================
  Listing URLs visited : 17
  Total models scraped : 97
  Time taken           : 00:08:33
============================================================

Excel file saved → /Users/keshavgupta/Downloads/jlg_scraper/output/jlg_equipment.xlsx (97 models)

Done in 00:08:33
