2026-06-29 17:30:22 | INFO     | Chrome launched (headless=True)
2026-06-29 17:30:22 | INFO     | Phase 1: mapping Equipment mega-menu from https://www.jlg.com/en
2026-06-29 17:30:33 | INFO     | Parsed 20 menu entries from __NEXT_DATA__
2026-06-29 17:30:38 | INFO     | Parsed 20 menu entries from __NEXT_DATA__
2026-06-29 17:30:41 | INFO     | Parsed 20 menu entries from __NEXT_DATA__
2026-06-29 17:30:44 | INFO     | Parsed 20 menu entries from __NEXT_DATA__
2026-06-29 17:30:49 | INFO     | Parsed 20 menu entries from __NEXT_DATA__
2026-06-29 17:30:53 | INFO     | Parsed 20 menu entries from __NEXT_DATA__
2026-06-29 17:30:58 | INFO     | Parsed 20 menu entries from __NEXT_DATA__
2026-06-29 17:31:03 | INFO     | Parsed 20 menu entries from __NEXT_DATA__
2026-06-29 17:31:07 | INFO     | Parsed 20 menu entries from __NEXT_DATA__
2026-06-29 17:31:07 | INFO     |   Menu: Boom Lifts → Articulating → - (https://www.jlg.com/en/equipment/boom-lifts/articulating)
2026-06-29 17:31:07 | INFO     |   Menu: Boom Lifts → Telescopic → - (https://www.jlg.com/en/equipment/boom-lifts/telescopic)
2026-06-29 17:31:07 | INFO     |   Menu: Boom Lifts → Compact Crawlers → - (https://www.jlg.com/en/equipment/boom-lifts/compact-crawlers)
2026-06-29 17:31:07 | INFO     |   Menu: Boom Lifts → Toucan Mast Lift → - (https://www.jlg.com/en/equipment/boom-lifts/toucan-mast-lifts)
2026-06-29 17:31:07 | INFO     |   Menu: Boom Lifts → Towable → - (https://www.jlg.com/en/equipment/boom-lifts/towable)
2026-06-29 17:31:07 | INFO     |   Menu: Scissor Lifts → Davinci All Electric Series → - (https://www.jlg.com/en/equipment/scissor-lifts/ae-davinci-series)
2026-06-29 17:31:07 | INFO     |   Menu: Scissor Lifts → ERT Series → - (https://www.jlg.com/en/equipment/scissor-lifts/ert-series)
2026-06-29 17:31:07 | INFO     |   Menu: Scissor Lifts → Micro-Sized Series → - (https://www.jlg.com/en/equipment/scissor-lifts/micro-sized-series)
2026-06-29 17:31:07 | INFO     |   Menu: Scissor Lifts → ES Series → - (https://www.jlg.com/en/equipment/scissor-lifts/es-series)
2026-06-29 17:31:07 | INFO     |   Menu: Scissor Lifts → RT Series → - (https://www.jlg.com/en/equipment/scissor-lifts/rt-series)
2026-06-29 17:31:07 | INFO     |   Menu: Telehandlers → JLG Rotating Telehandlers → - (https://www.jlg.com/en/equipment/telehandlers/rotating)
2026-06-29 17:31:07 | INFO     |   Menu: Telehandlers → JLG Telehandlers → - (https://www.jlg.com/en/equipment/telehandlers/jlg)
2026-06-29 17:31:07 | INFO     |   Menu: Telehandlers → SkyTrak Telehandlers → - (https://www.jlg.com/en/equipment/telehandlers/skytrak)
2026-06-29 17:31:07 | INFO     |   Menu: Low Level Access → Non-Powered EcoLifts → - (https://www.jlg.com/en/equipment/low-level-access/non-powered-ecolifts)
2026-06-29 17:31:07 | INFO     |   Menu: Low Level Access → Push-Around Lifts → - (https://www.jlg.com/en/equipment/low-level-access/push-around-lifts)
2026-06-29 17:31:07 | INFO     |   Menu: Vertical Lifts → - → - (https://www.jlg.com/en/equipment/vertical-lifts)
2026-06-29 17:31:07 | INFO     |   Menu: Stock Pickers → - → - (https://www.jlg.com/en/equipment/stock-pickers)
2026-06-29 17:31:07 | INFO     |   Menu: Dumpers and Forklifts → - → - (https://www.jlg.com/en/equipment/dumpersandforklifts)
2026-06-29 17:31:07 | INFO     |   Menu: JLG Used Equipment → Certified Equipment → - (https://www.jlg.com/en/equipment/jlg-used-equipment/certified-used-equipment)
2026-06-29 17:31:07 | INFO     |   Menu: JLG Used Equipment → Reconditioning → - (https://www.jlg.com/en/equipment/jlg-used-equipment/reconditioning)
2026-06-29 17:31:07 | INFO     | Phase 1 complete: discovered 20 listing URLs
2026-06-29 17:31:36 | INFO     | Expanded Vertical Lifts into 1 sub-listings
2026-06-29 17:32:35 | INFO     | Phase 1 expanded to 20 listing URLs
2026-06-29 17:32:44 | INFO     | Currently scraping:
Boom Lifts
Articulating
Electric & Hybrid
E300 Series
2026-06-29 17:32:48 | INFO     | Found 1 models...
2026-06-29 17:32:48 | INFO     | Currently scraping model: E300AJP
2026-06-29 17:32:48 | INFO     | Currently scraping:
Boom Lifts
Articulating
Electric & Hybrid
E400 Series
2026-06-29 17:32:51 | INFO     | Found 2 models...
2026-06-29 17:32:51 | INFO     | Currently scraping model: E400AJPN
2026-06-29 17:32:51 | INFO     | Currently scraping model: E400AN
2026-06-29 17:32:51 | INFO     | Currently scraping:
Boom Lifts
Articulating
Electric & Hybrid
E450 Series
2026-06-29 17:32:54 | INFO     | Found 1 models...
2026-06-29 17:32:54 | INFO     | Currently scraping model: E450AJ
2026-06-29 17:32:54 | INFO     | Currently scraping:
Boom Lifts
Articulating
Engine Powered
450 Series
2026-06-29 17:32:57 | INFO     | Found 2 models...
2026-06-29 17:32:57 | INFO     | Currently scraping model: 450AJ
2026-06-29 17:32:57 | INFO     | Currently scraping model: 450AJ HC3
2026-06-29 17:32:57 | INFO     | Currently scraping:
Boom Lifts
Articulating
Engine Powered
600 Series
2026-06-29 17:33:00 | INFO     | Found 2 models...
2026-06-29 17:33:00 | INFO     | Currently scraping model: 600AJ
2026-06-29 17:33:00 | INFO     | Currently scraping model: 600AJ HC3
2026-06-29 17:33:00 | INFO     | Currently scraping:
Boom Lifts
Articulating
Engine Powered
800 Series
2026-06-29 17:33:03 | INFO     | Found 2 models...
2026-06-29 17:33:03 | INFO     | Currently scraping model: 800AJ
2026-06-29 17:33:03 | INFO     | Currently scraping model: 800AJ HC3
2026-06-29 17:33:03 | INFO     | Currently scraping:
Boom Lifts
Articulating
Engine Powered
Ultra Series
2026-06-29 17:33:07 | INFO     | Found 2 models...
2026-06-29 17:33:07 | INFO     | Currently scraping model: 1250AJP
2026-06-29 17:33:07 | INFO     | Currently scraping model: 1500AJP
2026-06-29 17:33:20 | INFO     | Currently scraping:
Boom Lifts
Telescopic
Electric & Hybrid
EC600 and H600 Series
2026-06-29 17:33:23 | INFO     | Found 4 models...
2026-06-29 17:33:23 | INFO     | Currently scraping model: EC600SJ
2026-06-29 17:33:23 | INFO     | Currently scraping model: EC600SJP
2026-06-29 17:33:23 | INFO     | Currently scraping model: H600SJ
2026-06-29 17:33:23 | INFO     | Currently scraping model: H600SJP
2026-06-29 17:33:23 | INFO     | Currently scraping:
Boom Lifts
Telescopic
Engine Powered
400 Crawler Series
2026-06-29 17:33:26 | INFO     | Found 1 models...
2026-06-29 17:33:26 | INFO     | Currently scraping model: 460SJC
2026-06-29 17:33:26 | INFO     | Currently scraping:
Boom Lifts
Telescopic
Engine Powered
400 Series
2026-06-29 17:33:29 | INFO     | Found 4 models...
2026-06-29 17:33:29 | INFO     | Currently scraping model: 400S
2026-06-29 17:33:29 | INFO     | Currently scraping model: 400S HC3
2026-06-29 17:33:29 | INFO     | Currently scraping model: 460SJ
2026-06-29 17:33:29 | INFO     | Currently scraping model: 460SJ HC3
2026-06-29 17:33:29 | INFO     | Currently scraping:
Boom Lifts
Telescopic
Engine Powered
600 Crawler Series
2026-06-29 17:33:32 | INFO     | Found 1 models...
2026-06-29 17:33:32 | INFO     | Currently scraping model: 660SJC
2026-06-29 17:33:32 | INFO     | Currently scraping:
Boom Lifts
Telescopic
Engine Powered
600 Series
2026-06-29 17:33:36 | INFO     | Found 4 models...
2026-06-29 17:33:36 | INFO     | Currently scraping model: 600S
2026-06-29 17:33:36 | INFO     | Currently scraping model: 600S HC3
2026-06-29 17:33:36 | INFO     | Currently scraping model: 660SJ
2026-06-29 17:33:36 | INFO     | Currently scraping model: 660SJ HC3
2026-06-29 17:33:36 | INFO     | Currently scraping:
Boom Lifts
Telescopic
Engine Powered
600 Self-Leveling Series
2026-06-29 17:33:39 | INFO     | Found 1 models...
2026-06-29 17:33:39 | INFO     | Currently scraping model: 670SJ
2026-06-29 17:33:39 | INFO     | Currently scraping:
Boom Lifts
Telescopic
Engine Powered
800 Series
2026-06-29 17:33:42 | INFO     | Found 4 models...
2026-06-29 17:33:42 | INFO     | Currently scraping model: 800S
2026-06-29 17:33:42 | INFO     | Currently scraping model: 800S HC3
2026-06-29 17:33:42 | INFO     | Currently scraping model: 860SJ
2026-06-29 17:33:42 | INFO     | Currently scraping model: 860SJ HC3
2026-06-29 17:33:42 | INFO     | Currently scraping:
Boom Lifts
Telescopic
Engine Powered
Ultra Series
2026-06-29 17:33:45 | INFO     | Found 4 models...
2026-06-29 17:33:45 | INFO     | Currently scraping model: 1200SJP
2026-06-29 17:33:45 | INFO     | Currently scraping model: 1350SJP
2026-06-29 17:33:45 | INFO     | Currently scraping model: 1500SJ
2026-06-29 17:33:45 | INFO     | Currently scraping model: 1850SJ
2026-06-29 17:33:45 | INFO     | Saved 25 models...
2026-06-29 17:33:57 | INFO     | Currently scraping:
Boom Lifts
Compact Crawlers

2026-06-29 17:33:57 | INFO     | Found 6 models...
2026-06-29 17:33:57 | INFO     | Currently scraping model: X430AJ
2026-06-29 17:33:57 | INFO     | Currently scraping model: X500AJ
2026-06-29 17:33:57 | INFO     | Currently scraping model: X540AJ
2026-06-29 17:33:57 | INFO     | Currently scraping model: X600AJ
2026-06-29 17:33:57 | INFO     | Currently scraping model: X770AJ
2026-06-29 17:33:57 | INFO     | Currently scraping model: X1000AJ
2026-06-29 17:34:00 | INFO     | Found 6 models...
2026-06-29 17:34:03 | INFO     | Found 6 models...
2026-06-29 17:34:06 | INFO     | Found 6 models...
2026-06-29 17:34:09 | INFO     | Found 6 models...
2026-06-29 17:34:11 | INFO     | Found 6 models...
2026-06-29 17:34:14 | INFO     | Found 6 models...
2026-06-29 17:34:17 | INFO     | Found 6 models...
2026-06-29 17:34:20 | INFO     | Found 1 models...
2026-06-29 17:34:20 | INFO     | Currently scraping model: X660SJ
2026-06-29 17:34:23 | INFO     | Found 1 models...
2026-06-29 17:34:26 | INFO     | Found 1 models...
2026-06-29 17:34:29 | INFO     | Found 1 models...
2026-06-29 17:34:32 | INFO     | Found 1 models...
2026-06-29 17:34:36 | INFO     | Found 1 models...
2026-06-29 17:34:39 | INFO     | Found 0 models...
2026-06-29 17:34:42 | INFO     | Found 0 models...
2026-06-29 17:34:45 | INFO     | Found 0 models...
2026-06-29 17:34:48 | INFO     | Found 0 models...
2026-06-29 17:34:51 | INFO     | Found 0 models...
2026-06-29 17:34:54 | INFO     | Found 0 models...
2026-06-29 17:34:58 | INFO     | Found 0 models...
2026-06-29 17:35:01 | INFO     | Found 0 models...
2026-06-29 17:35:12 | INFO     | Currently scraping:
Boom Lifts
Toucan Mast Lift

2026-06-29 17:35:12 | INFO     | Found 1 models...
2026-06-29 17:35:12 | INFO     | Currently scraping model: 20E
2026-06-29 17:35:15 | INFO     | Found 1 models...
2026-06-29 17:35:17 | INFO     | Found 1 models...
2026-06-29 17:35:17 | INFO     | Currently scraping model: 26E
2026-06-29 17:35:20 | INFO     | Found 1 models...
2026-06-29 17:35:20 | INFO     | Currently scraping model: 32E
2026-06-29 17:35:23 | INFO     | Found 1 models...
2026-06-29 17:35:26 | INFO     | Found 1 models...
2026-06-29 17:35:30 | INFO     | Found 1 models...
2026-06-29 17:35:33 | INFO     | Found 1 models...
2026-06-29 17:35:36 | INFO     | Found 1 models...
2026-06-29 17:35:39 | INFO     | Found 0 models...
2026-06-29 17:35:42 | INFO     | Found 0 models...
2026-06-29 17:35:45 | INFO     | Found 0 models...
2026-06-29 17:35:49 | INFO     | Found 1 models...
2026-06-29 17:35:52 | INFO     | Found 1 models...
2026-06-29 17:35:55 | INFO     | Found 1 models...
2026-06-29 17:35:58 | INFO     | Found 1 models...
2026-06-29 17:36:01 | INFO     | Found 0 models...
2026-06-29 17:36:05 | INFO     | Found 0 models...
2026-06-29 17:36:08 | INFO     | Found 0 models...
2026-06-29 17:36:11 | INFO     | Found 0 models...
2026-06-29 17:36:23 | INFO     | Currently scraping:
Boom Lifts
Towable

2026-06-29 17:36:23 | INFO     | Found 4 models...
2026-06-29 17:36:23 | INFO     | Currently scraping model: T350
2026-06-29 17:36:23 | INFO     | Currently scraping model: ET350
2026-06-29 17:36:23 | INFO     | Currently scraping model: T500J
2026-06-29 17:36:23 | INFO     | Currently scraping model: ET500J
2026-06-29 17:36:26 | INFO     | Found 4 models...
2026-06-29 17:36:29 | INFO     | Found 4 models...
2026-06-29 17:36:32 | INFO     | Found 4 models...
2026-06-29 17:36:34 | INFO     | Found 4 models...
2026-06-29 17:36:37 | INFO     | Found 4 models...
2026-06-29 17:36:40 | INFO     | Found 4 models...
2026-06-29 17:36:43 | INFO     | Found 4 models...
2026-06-29 17:36:46 | INFO     | Found 4 models...
2026-06-29 17:36:49 | INFO     | Found 4 models...
2026-06-29 17:36:53 | INFO     | Found 4 models...
2026-06-29 17:36:56 | INFO     | Found 0 models...
2026-06-29 17:36:59 | INFO     | Found 0 models...
2026-06-29 17:37:02 | INFO     | Found 0 models...
2026-06-29 17:37:06 | INFO     | Found 0 models...
2026-06-29 17:37:09 | INFO     | Found 4 models...
2026-06-29 17:37:12 | INFO     | Found 4 models...
2026-06-29 17:37:15 | INFO     | Found 4 models...
2026-06-29 17:37:18 | INFO     | Found 4 models...
2026-06-29 17:37:21 | INFO     | Found 4 models...
2026-06-29 17:37:34 | INFO     | Currently scraping:
Scissor Lifts
Davinci All Electric Series

2026-06-29 17:37:34 | INFO     | Found 1 models...
2026-06-29 17:37:34 | INFO     | Currently scraping model: AE1932
2026-06-29 17:37:37 | INFO     | Found 1 models...
2026-06-29 17:37:40 | INFO     | Found 1 models...
2026-06-29 17:37:43 | INFO     | Found 1 models...
2026-06-29 17:37:47 | INFO     | Found 1 models...
2026-06-29 17:37:50 | INFO     | Found 1 models...
2026-06-29 17:37:53 | INFO     | Found 1 models...
2026-06-29 17:37:56 | INFO     | Found 1 models...
2026-06-29 17:37:59 | INFO     | Found 1 models...
2026-06-29 17:38:02 | INFO     | Found 0 models...
2026-06-29 17:38:06 | INFO     | Found 0 models...
2026-06-29 17:38:09 | INFO     | Found 0 models...
2026-06-29 17:38:12 | INFO     | Found 0 models...
2026-06-29 17:38:15 | INFO     | Found 0 models...
2026-06-29 17:38:18 | INFO     | Found 0 models...
2026-06-29 17:38:21 | INFO     | Found 0 models...
2026-06-29 17:38:21 | INFO     | Saved 50 models...
2026-06-29 17:38:33 | INFO     | Currently scraping:
Scissor Lifts
ERT Series

2026-06-29 17:38:33 | INFO     | Found 1 models...
2026-06-29 17:38:33 | INFO     | Currently scraping model: ERT2669
2026-06-29 17:38:36 | INFO     | Found 1 models...
2026-06-29 17:38:38 | INFO     | Found 1 models...
2026-06-29 17:38:38 | INFO     | Currently scraping model: ERT3369
2026-06-29 17:38:41 | INFO     | Found 1 models...
2026-06-29 17:38:41 | INFO     | Currently scraping model: ERT4069
2026-06-29 17:38:44 | INFO     | Found 1 models...
2026-06-29 17:38:44 | INFO     | Currently scraping model: ERT4769
2026-06-29 17:38:47 | INFO     | Found 1 models...
2026-06-29 17:38:50 | INFO     | Found 1 models...
2026-06-29 17:38:53 | INFO     | Found 1 models...
2026-06-29 17:38:56 | INFO     | Found 1 models...
2026-06-29 17:38:59 | INFO     | Found 1 models...
2026-06-29 17:39:02 | INFO     | Found 0 models...
2026-06-29 17:39:06 | INFO     | Found 0 models...
2026-06-29 17:39:09 | INFO     | Found 0 models...
2026-06-29 17:39:12 | INFO     | Found 1 models...
2026-06-29 17:39:15 | INFO     | Found 1 models...
2026-06-29 17:39:18 | INFO     | Found 1 models...
2026-06-29 17:39:21 | INFO     | Found 1 models...
2026-06-29 17:39:25 | INFO     | Found 1 models...
2026-06-29 17:39:28 | INFO     | Found 0 models...
2026-06-29 17:39:31 | INFO     | Found 0 models...
2026-06-29 17:39:34 | INFO     | Found 0 models...
2026-06-29 17:39:37 | INFO     | Found 0 models...
2026-06-29 17:39:49 | INFO     | Currently scraping:
Scissor Lifts
Micro-Sized Series

2026-06-29 17:39:49 | INFO     | Found 1 models...
2026-06-29 17:39:49 | INFO     | Currently scraping model: ES1330M
2026-06-29 17:39:51 | INFO     | Found 1 models...
2026-06-29 17:39:54 | INFO     | Found 1 models...
2026-06-29 17:39:54 | INFO     | Currently scraping model: ES1530M
2026-06-29 17:39:57 | INFO     | Found 1 models...
2026-06-29 17:39:57 | INFO     | Currently scraping model: ES1930M
2026-06-29 17:39:59 | INFO     | Found 1 models...
2026-06-29 17:39:59 | INFO     | Currently scraping model: ES2632M
2026-06-29 17:40:02 | INFO     | Found 1 models...
2026-06-29 17:40:06 | INFO     | Found 1 models...
2026-06-29 17:40:09 | INFO     | Found 1 models...
2026-06-29 17:40:12 | INFO     | Found 1 models...
2026-06-29 17:40:15 | INFO     | Found 1 models...
2026-06-29 17:40:18 | INFO     | Found 0 models...
2026-06-29 17:40:21 | INFO     | Found 1 models...
2026-06-29 17:40:25 | INFO     | Found 1 models...
2026-06-29 17:40:28 | INFO     | Found 1 models...
2026-06-29 17:40:31 | INFO     | Found 1 models...
2026-06-29 17:40:34 | INFO     | Found 1 models...
2026-06-29 17:40:37 | INFO     | Found 0 models...
2026-06-29 17:40:40 | INFO     | Found 0 models...
2026-06-29 17:40:44 | INFO     | Found 0 models...
2026-06-29 17:40:47 | INFO     | Found 0 models...
2026-06-29 17:40:50 | INFO     | Found 0 models...
2026-06-29 17:40:53 | INFO     | Found 0 models...
2026-06-29 17:41:06 | INFO     | Currently scraping:
Scissor Lifts
ES Series

2026-06-29 17:41:06 | INFO     | Found 1 models...
2026-06-29 17:41:06 | INFO     | Currently scraping model: ES1932
2026-06-29 17:41:08 | INFO     | Found 1 models...
2026-06-29 17:41:11 | INFO     | Found 1 models...
2026-06-29 17:41:11 | INFO     | Currently scraping model: ES2632
2026-06-29 17:41:14 | INFO     | Found 1 models...
2026-06-29 17:41:14 | INFO     | Currently scraping model: ES2646
2026-06-29 17:41:16 | INFO     | Found 1 models...
2026-06-29 17:41:16 | INFO     | Currently scraping model: ES3246
2026-06-29 17:41:19 | INFO     | Found 1 models...
2026-06-29 17:41:19 | INFO     | Currently scraping model: ES4046
2026-06-29 17:41:22 | INFO     | Found 1 models...
2026-06-29 17:41:25 | INFO     | Found 1 models...
2026-06-29 17:41:28 | INFO     | Found 1 models...
2026-06-29 17:41:32 | INFO     | Found 1 models...
2026-06-29 17:41:35 | INFO     | Found 1 models...
2026-06-29 17:41:38 | INFO     | Found 0 models...
2026-06-29 17:41:41 | INFO     | Found 0 models...
2026-06-29 17:41:44 | INFO     | Found 1 models...
2026-06-29 17:41:47 | INFO     | Found 1 models...
2026-06-29 17:41:50 | INFO     | Found 1 models...
2026-06-29 17:41:53 | INFO     | Found 1 models...
2026-06-29 17:41:57 | INFO     | Found 1 models...
2026-06-29 17:42:00 | INFO     | Found 1 models...
2026-06-29 17:42:03 | INFO     | Found 0 models...
2026-06-29 17:42:06 | INFO     | Found 0 models...
2026-06-29 17:42:09 | INFO     | Found 0 models...
2026-06-29 17:42:13 | INFO     | Found 0 models...
2026-06-29 17:42:16 | INFO     | Found 0 models...
2026-06-29 17:42:26 | INFO     | Currently scraping:
Scissor Lifts
RT Series

2026-06-29 17:42:26 | INFO     | Found 1 models...
2026-06-29 17:42:26 | INFO     | Currently scraping model: RT2669
2026-06-29 17:42:29 | INFO     | Found 1 models...
2026-06-29 17:42:32 | INFO     | Found 1 models...
2026-06-29 17:42:32 | INFO     | Currently scraping model: RT3369
2026-06-29 17:42:34 | INFO     | Found 1 models...
2026-06-29 17:42:34 | INFO     | Currently scraping model: RT3394
2026-06-29 17:42:37 | INFO     | Found 1 models...
2026-06-29 17:42:37 | INFO     | Currently scraping model: RT4069
2026-06-29 17:42:40 | INFO     | Found 1 models...
2026-06-29 17:42:40 | INFO     | Currently scraping model: RT4394
2026-06-29 17:42:42 | INFO     | Found 1 models...
2026-06-29 17:42:42 | INFO     | Currently scraping model: RT4769
2026-06-29 17:42:45 | INFO     | Found 1 models...
2026-06-29 17:42:45 | INFO     | Currently scraping model: RT5394
2026-06-29 17:42:48 | INFO     | Found 1 models...
2026-06-29 17:42:51 | INFO     | Found 1 models...
2026-06-29 17:42:54 | INFO     | Found 1 models...
2026-06-29 17:42:58 | INFO     | Found 1 models...
2026-06-29 17:43:01 | INFO     | Found 1 models...
2026-06-29 17:43:04 | INFO     | Found 0 models...
2026-06-29 17:43:07 | INFO     | Found 0 models...
2026-06-29 17:43:10 | INFO     | Found 0 models...
2026-06-29 17:43:14 | INFO     | Found 0 models...
2026-06-29 17:43:17 | INFO     | Found 1 models...
2026-06-29 17:43:20 | INFO     | Found 1 models...
2026-06-29 17:43:23 | INFO     | Found 1 models...
2026-06-29 17:43:26 | INFO     | Found 1 models...
2026-06-29 17:43:29 | INFO     | Found 1 models...
2026-06-29 17:43:32 | INFO     | Found 1 models...
2026-06-29 17:43:36 | INFO     | Found 1 models...
2026-06-29 17:43:39 | INFO     | Found 1 models...
2026-06-29 17:43:42 | INFO     | Found 1 models...
2026-06-29 17:43:45 | INFO     | Found 1 models...
2026-06-29 17:43:48 | INFO     | Found 1 models...
2026-06-29 17:44:03 | INFO     | Currently scraping:
Telehandlers
JLG Rotating Telehandlers

2026-06-29 17:44:03 | INFO     | Found 1 models...
2026-06-29 17:44:03 | INFO     | Currently scraping model: R1370
2026-06-29 17:44:06 | INFO     | Found 1 models...
2026-06-29 17:44:08 | INFO     | Found 1 models...
2026-06-29 17:44:08 | INFO     | Currently scraping model: R1385
2026-06-29 17:44:11 | INFO     | Found 1 models...
2026-06-29 17:44:11 | INFO     | Currently scraping model: R13100
2026-06-29 17:44:14 | INFO     | Found 1 models...
2026-06-29 17:44:17 | INFO     | Found 1 models...
2026-06-29 17:44:21 | INFO     | Found 1 models...
2026-06-29 17:44:24 | INFO     | Found 1 models...
2026-06-29 17:44:27 | INFO     | Found 1 models...
2026-06-29 17:44:30 | INFO     | Found 0 models...
2026-06-29 17:44:33 | INFO     | Found 0 models...
2026-06-29 17:44:37 | INFO     | Found 1 models...
2026-06-29 17:44:40 | INFO     | Found 1 models...
2026-06-29 17:44:43 | INFO     | Found 1 models...
2026-06-29 17:44:46 | INFO     | Found 1 models...
2026-06-29 17:44:49 | INFO     | Found 1 models...
2026-06-29 17:44:53 | INFO     | Found 1 models...
2026-06-29 17:44:56 | INFO     | Found 1 models...
2026-06-29 17:45:08 | INFO     | Currently scraping:
Telehandlers
JLG Telehandlers

2026-06-29 17:45:08 | INFO     | Found 1 models...
2026-06-29 17:45:08 | INFO     | Currently scraping model: 313
2026-06-29 17:45:11 | INFO     | Found 1 models...
2026-06-29 17:45:14 | INFO     | Found 1 models...
2026-06-29 17:45:14 | INFO     | Currently scraping model: E313
2026-06-29 17:45:16 | INFO     | Found 1 models...
2026-06-29 17:45:16 | INFO     | Currently scraping model: 519
2026-06-29 17:45:19 | INFO     | Found 1 models...
2026-06-29 17:45:19 | INFO     | Currently scraping model: 742
2026-06-29 17:45:22 | INFO     | Found 1 models...
2026-06-29 17:45:22 | INFO     | Currently scraping model: 943
2026-06-29 17:45:24 | INFO     | Found 1 models...
2026-06-29 17:45:24 | INFO     | Currently scraping model: 1043
2026-06-29 17:45:27 | INFO     | Found 1 models...
2026-06-29 17:45:27 | INFO     | Currently scraping model: 1055
2026-06-29 17:45:30 | INFO     | Found 1 models...
2026-06-29 17:45:30 | INFO     | Currently scraping model: 1075
2026-06-29 17:45:32 | INFO     | Found 1 models...
2026-06-29 17:45:32 | INFO     | Currently scraping model: 1255
2026-06-29 17:45:35 | INFO     | Found 1 models...
2026-06-29 17:45:35 | INFO     | Currently scraping model: 1644
2026-06-29 17:45:38 | INFO     | Found 1 models...
2026-06-29 17:45:38 | INFO     | Currently scraping model: 1732
2026-06-29 17:45:40 | INFO     | Found 1 models...
2026-06-29 17:45:40 | INFO     | Currently scraping model: 2733
2026-06-29 17:45:44 | INFO     | Found 2 models...
2026-06-29 17:45:47 | INFO     | Found 1 models...
2026-06-29 17:45:51 | INFO     | Found 1 models...
2026-06-29 17:45:54 | INFO     | Found 1 models...
2026-06-29 17:45:57 | INFO     | Found 1 models...
2026-06-29 17:46:00 | INFO     | Found 1 models...
2026-06-29 17:46:03 | INFO     | Found 1 models...
2026-06-29 17:46:06 | INFO     | Found 1 models...
2026-06-29 17:46:10 | INFO     | Found 1 models...
2026-06-29 17:46:13 | INFO     | Found 1 models...
2026-06-29 17:46:16 | INFO     | Found 1 models...
2026-06-29 17:46:19 | INFO     | Found 1 models...
2026-06-29 17:46:22 | INFO     | Found 1 models...
2026-06-29 17:46:26 | INFO     | Found 1 models...
2026-06-29 17:46:29 | INFO     | Found 1 models...
2026-06-29 17:46:32 | INFO     | Found 1 models...
2026-06-29 17:46:35 | INFO     | Found 1 models...
2026-06-29 17:46:38 | INFO     | Found 1 models...
2026-06-29 17:46:41 | INFO     | Found 0 models...
2026-06-29 17:46:45 | INFO     | Found 0 models...
2026-06-29 17:46:48 | INFO     | Found 0 models...
2026-06-29 17:46:51 | INFO     | Found 0 models...
2026-06-29 17:46:54 | INFO     | Found 0 models...
2026-06-29 17:46:54 | INFO     | Saved 75 models...
2026-06-29 17:47:09 | INFO     | Currently scraping:
Telehandlers
SkyTrak Telehandlers

2026-06-29 17:47:09 | INFO     | Found 1 models...
2026-06-29 17:47:09 | INFO     | Currently scraping model: 3013
2026-06-29 17:47:12 | INFO     | Found 1 models...
2026-06-29 17:47:14 | INFO     | Found 1 models...
2026-06-29 17:47:14 | INFO     | Currently scraping model: 6034
2026-06-29 17:47:17 | INFO     | Found 1 models...
2026-06-29 17:47:17 | INFO     | Currently scraping model: 6042
2026-06-29 17:47:19 | INFO     | Found 1 models...
2026-06-29 17:47:19 | INFO     | Currently scraping model: 8042
2026-06-29 17:47:22 | INFO     | Found 1 models...
2026-06-29 17:47:22 | INFO     | Currently scraping model: 10042
2026-06-29 17:47:25 | INFO     | Found 1 models...
2026-06-29 17:47:25 | INFO     | Currently scraping model: 10054
2026-06-29 17:47:27 | INFO     | Found 1 models...
2026-06-29 17:47:27 | INFO     | Currently scraping model: 12054
2026-06-29 17:47:30 | INFO     | Found 1 models...
2026-06-29 17:47:34 | INFO     | Found 1 models...
2026-06-29 17:47:37 | INFO     | Found 1 models...
2026-06-29 17:47:40 | INFO     | Found 1 models...
2026-06-29 17:47:43 | INFO     | Found 1 models...
2026-06-29 17:47:46 | INFO     | Found 0 models...
2026-06-29 17:47:49 | INFO     | Found 1 models...
2026-06-29 17:47:52 | INFO     | Found 1 models...
2026-06-29 17:47:56 | INFO     | Found 1 models...
2026-06-29 17:47:59 | INFO     | Found 1 models...
2026-06-29 17:48:02 | INFO     | Found 1 models...
2026-06-29 17:48:05 | INFO     | Found 1 models...
2026-06-29 17:48:08 | INFO     | Found 1 models...
2026-06-29 17:48:11 | INFO     | Found 1 models...
2026-06-29 17:48:15 | INFO     | Found 0 models...
2026-06-29 17:48:18 | INFO     | Found 0 models...
2026-06-29 17:48:21 | INFO     | Found 0 models...
2026-06-29 17:48:24 | INFO     | Found 0 models...
2026-06-29 17:48:41 | INFO     | Currently scraping:
Low Level Access
Non-Powered EcoLifts

2026-06-29 17:48:41 | INFO     | Found 1 models...
2026-06-29 17:48:41 | INFO     | Currently scraping model: EcoLift 50
2026-06-29 17:48:44 | INFO     | Found 1 models...
2026-06-29 17:48:46 | INFO     | Found 1 models...
2026-06-29 17:48:46 | INFO     | Currently scraping model: EcoLift 70
2026-06-29 17:48:50 | INFO     | Found 1 models...
2026-06-29 17:48:53 | INFO     | Found 1 models...
2026-06-29 17:48:56 | INFO     | Found 1 models...
2026-06-29 17:48:59 | INFO     | Found 1 models...
2026-06-29 17:49:02 | INFO     | Found 1 models...
2026-06-29 17:49:06 | INFO     | Found 1 models...
2026-06-29 17:49:09 | INFO     | Found 1 models...
2026-06-29 17:49:12 | INFO     | Found 1 models...
2026-06-29 17:49:15 | INFO     | Found 0 models...
2026-06-29 17:49:18 | INFO     | Found 0 models...
2026-06-29 17:49:22 | INFO     | Found 0 models...
2026-06-29 17:49:25 | INFO     | Found 0 models...
2026-06-29 17:49:42 | INFO     | Currently scraping:
Low Level Access
Push-Around Lifts

2026-06-29 17:49:42 | INFO     | Found 1 models...
2026-06-29 17:49:42 | INFO     | Currently scraping model: 830P
2026-06-29 17:49:44 | INFO     | Found 1 models...
2026-06-29 17:49:47 | INFO     | Found 1 models...
2026-06-29 17:49:47 | INFO     | Currently scraping model: 1030P
2026-06-29 17:49:50 | INFO     | Found 1 models...
2026-06-29 17:49:50 | INFO     | Currently scraping model: 1230P
2026-06-29 17:49:53 | INFO     | Found 1 models...
2026-06-29 17:49:56 | INFO     | Found 1 models...
2026-06-29 17:49:59 | INFO     | Found 1 models...
2026-06-29 17:50:02 | INFO     | Found 1 models...
2026-06-29 17:50:05 | INFO     | Found 1 models...
2026-06-29 17:50:08 | INFO     | Found 0 models...
2026-06-29 17:50:12 | INFO     | Found 1 models...
2026-06-29 17:50:15 | INFO     | Found 1 models...
2026-06-29 17:50:18 | INFO     | Found 1 models...
2026-06-29 17:50:21 | INFO     | Found 1 models...
2026-06-29 17:50:24 | INFO     | Found 1 models...
2026-06-29 17:50:27 | INFO     | Found 1 models...
2026-06-29 17:50:31 | INFO     | Found 1 models...
2026-06-29 17:50:41 | INFO     | Currently scraping:
Vertical Lifts
Driveable Vertical Mast Lifts

2026-06-29 17:50:41 | INFO     | Found 1 models...
2026-06-29 17:50:41 | INFO     | Currently scraping model: E18MCL
2026-06-29 17:50:44 | INFO     | Found 1 models...
2026-06-29 17:50:47 | INFO     | Found 1 models...
2026-06-29 17:50:47 | INFO     | Currently scraping model: E18MML
2026-06-29 17:50:49 | INFO     | Found 1 models...
2026-06-29 17:50:49 | INFO     | Currently scraping model: ES1230
2026-06-29 17:50:52 | INFO     | Found 2 models...
2026-06-29 17:50:56 | INFO     | Found 1 models...
2026-06-29 17:50:59 | INFO     | Found 1 models...
2026-06-29 17:51:02 | INFO     | Found 1 models...
2026-06-29 17:51:06 | INFO     | Found 1 models...
2026-06-29 17:51:08 | INFO     | Found 1 models...
2026-06-29 17:51:12 | INFO     | Found 1 models...
2026-06-29 17:51:15 | INFO     | Found 1 models...
2026-06-29 17:51:18 | INFO     | Found 1 models...
2026-06-29 17:51:21 | INFO     | Found 0 models...
2026-06-29 17:51:24 | INFO     | Found 0 models...
2026-06-29 17:51:27 | INFO     | Found 0 models...
2026-06-29 17:51:31 | INFO     | Found 0 models...
2026-06-29 17:51:31 | INFO     | Saved 100 models...
2026-06-29 17:52:01 | INFO     | Currently scraping:
Stock Pickers


2026-06-29 17:52:01 | INFO     | Found 0 models...
2026-06-29 17:52:04 | INFO     | Found 0 models...
2026-06-29 17:52:07 | INFO     | Found 0 models...
2026-06-29 17:52:10 | INFO     | Found 0 models...
2026-06-29 17:52:13 | INFO     | Found 0 models...
2026-06-29 17:52:15 | INFO     | Found 0 models...
2026-06-29 17:52:18 | INFO     | Found 2 models...
2026-06-29 17:52:18 | INFO     | Currently scraping model: 10MSP
2026-06-29 17:52:51 | INFO     | Currently scraping:
Dumpers and Forklifts


2026-06-29 17:52:51 | INFO     | Found 0 models...
2026-06-29 17:52:53 | INFO     | Found 0 models...
2026-06-29 17:52:56 | INFO     | Found 0 models...
2026-06-29 17:52:59 | INFO     | Found 0 models...
2026-06-29 17:53:03 | INFO     | Found 0 models...
2026-06-29 17:53:06 | INFO     | Found 0 models...
2026-06-29 17:53:09 | INFO     | Found 0 models...
2026-06-29 17:53:12 | INFO     | Found 0 models...
2026-06-29 17:53:15 | INFO     | Found 0 models...
2026-06-29 17:53:18 | INFO     | Found 0 models...
2026-06-29 17:53:21 | INFO     | Found 0 models...
2026-06-29 17:53:53 | INFO     | Currently scraping:
JLG Used Equipment
Certified Equipment

2026-06-29 17:53:53 | INFO     | Found 0 models...
2026-06-29 17:53:56 | INFO     | Found 0 models...
2026-06-29 17:53:59 | INFO     | Found 0 models...
2026-06-29 17:54:02 | INFO     | Found 0 models...
2026-06-29 17:54:05 | INFO     | Found 0 models...
2026-06-29 17:54:08 | INFO     | Found 0 models...
2026-06-29 17:54:22 | INFO     | Currently scraping:
JLG Used Equipment
Reconditioning

2026-06-29 17:54:22 | INFO     | Found 3 models...
2026-06-29 17:54:25 | INFO     | Found 3 models...
2026-06-29 17:54:28 | INFO     | Found 3 models...
2026-06-29 17:54:32 | INFO     | Found 3 models...
2026-06-29 17:54:35 | INFO     | Found 3 models...
2026-06-29 17:54:38 | INFO     | Found 3 models...
2026-06-29 17:54:41 | INFO     | Saved 101 models...
2026-06-29 17:54:41 | INFO     | Chrome session closed
2026-06-29 17:54:42 | INFO     | Excel saved: /Users/keshavgupta/Downloads/jlg_scraper/output/jlg_equipment.xlsx (101 rows)
============================================================
  JLG Equipment Hierarchy Scraper
============================================================
  headless  : True
  max_pages : unlimited
  resume    : False
============================================================

============================================================
SCRAPE COMPLETE
============================================================
  Listing URLs visited : 20
  Total models scraped : 101
  Time taken           : 00:24:22
============================================================

Excel file saved → /Users/keshavgupta/Downloads/jlg_scraper/output/jlg_equipment.xlsx (101 models)

Done in 00:24:22
